# JRE version: Java(TM) SE Runtime Environment (8.0_111-b14) (build 1.8.0_111-b14)
# Java VM: Java HotSpot(TM) Client VM (25.111-b14 mixed mode windows-x86 )
Heap:
 def new generation   total 41472K, used 28247K [0x04e00000, 0x07b00000, 0x0f8a0000)
  eden space 36864K,  66% used [0x04e00000, 0x065d2730, 0x07200000)
  from space 4608K,  83% used [0x07680000, 0x07a43520, 0x07b00000)
  to   space 4608K,   0% used [0x07200000, 0x07200000, 0x07680000)
 tenured generation   total 92072K, used 78680K [0x0f8a0000, 0x1528a000, 0x24e00000)
   the space 92072K,  85% used [0x0f8a0000, 0x14576290, 0x14576400, 0x1528a000)
 Metaspace       used 18775K, capacity 19186K, committed 19456K, reserved 19840K
GC Heap History (10 events):
Event: 5244.420 GC heap before
{Heap before GC invocations=19 (full 3):
 def new generation   total 39424K, used 36935K [0x04e00000, 0x078c0000, 0x0f8a0000)
  eden space 35072K, 100% used [0x04e00000, 0x07040000, 0x07040000)
  from space 4352K,  42% used [0x07480000, 0x07651c70, 0x078c0000)
  to   space 4352K,   0% used [0x07040000, 0x07040000, 0x07480000)
 tenured generation   total 87424K, used 72392K [0x0f8a0000, 0x14e00000, 0x24e00000)
   the space 87424K,  82% used [0x0f8a0000, 0x13f52120, 0x13f52200, 0x14e00000)
 Metaspace       used 18770K, capacity 19178K, committed 19456K, reserved 19840K
Event: 5244.439 GC heap after
Heap after GC invocations=20 (full 3):
 def new generation   total 39424K, used 4352K [0x04e00000, 0x078c0000, 0x0f8a0000)
  eden space 35072K,   0% used [0x04e00000, 0x04e00000, 0x07040000)
  from space 4352K, 100% used [0x07040000, 0x07480000, 0x07480000)
  to   space 4352K,   0% used [0x07480000, 0x07480000, 0x078c0000)
 tenured generation   total 87424K, used 76222K [0x0f8a0000, 0x14e00000, 0x24e00000)
   the space 87424K,  87% used [0x0f8a0000, 0x1430f928, 0x1430fa00, 0x14e00000)
 Metaspace       used 18770K, capacity 19178K, committed 19456K, reserved 19840K
}
Event: 5422.212 GC heap before
{Heap before GC invocations=20 (full 3):
 def new generation   total 39424K, used 39424K [0x04e00000, 0x078c0000, 0x0f8a0000)
  eden space 35072K, 100% used [0x04e00000, 0x07040000, 0x07040000)
  from space 4352K, 100% used [0x07040000, 0x07480000, 0x07480000)
  to   space 4352K,   0% used [0x07480000, 0x07480000, 0x078c0000)
 tenured generation   total 87424K, used 76222K [0x0f8a0000, 0x14e00000, 0x24e00000)
   the space 87424K,  87% used [0x0f8a0000, 0x1430f928, 0x1430fa00, 0x14e00000)
 Metaspace       used 18774K, capacity 19186K, committed 19456K, reserved 19840K
Event: 5422.224 GC heap after
Heap after GC invocations=21 (full 3):
 def new generation   total 39424K, used 4352K [0x04e00000, 0x078c0000, 0x0f8a0000)
  eden space 35072K,   0% used [0x04e00000, 0x04e00000, 0x07040000)
  from space 4352K, 100% used [0x07480000, 0x078c0000, 0x078c0000)
  to   space 4352K,   0% used [0x07040000, 0x07040000, 0x07480000)
 tenured generation   total 87424K, used 81253K [0x0f8a0000, 0x14e00000, 0x24e00000)
   the space 87424K,  92% used [0x0f8a0000, 0x147f9630, 0x147f9800, 0x14e00000)
 Metaspace       used 18774K, capacity 19186K, committed 19456K, reserved 19840K
}
Event: 7888.274 GC heap before
{Heap before GC invocations=21 (full 3):
 def new generation   total 39424K, used 36056K [0x04e00000, 0x078c0000, 0x0f8a0000)
  eden space 35072K,  90% used [0x04e00000, 0x06cf63b0, 0x07040000)
  from space 4352K, 100% used [0x07480000, 0x078c0000, 0x078c0000)
  to   space 4352K,   0% used [0x07040000, 0x07040000, 0x07480000)
 tenured generation   total 87424K, used 81253K [0x0f8a0000, 0x14e00000, 0x24e00000)
   the space 87424K,  92% used [0x0f8a0000, 0x147f9630, 0x147f9800, 0x14e00000)
 Metaspace       used 18775K, capacity 19186K, committed 19456K, reserved 19840K
Event: 7888.346 GC heap after
Heap after GC invocations=22 (full 3):
 def new generation   total 39424K, used 4222K [0x04e00000, 0x078c0000, 0x0f8a0000)
  eden space 35072K,   0% used [0x04e00000, 0x04e00000, 0x07040000)
  from space 4352K,  97% used [0x07040000, 0x0745fa78, 0x07480000)
  to   space 4352K,   0% used [0x07480000, 0x07480000, 0x078c0000)
 tenured generation   total 87424K, used 86017K [0x0f8a0000, 0x14e00000, 0x24e00000)
   the space 87424K,  98% used [0x0f8a0000, 0x14ca06b8, 0x14ca0800, 0x14e00000)
 Metaspace       used 18775K, capacity 19186K, committed 19456K, reserved 19840K
}
Event: 7888.449 GC heap before
{Heap before GC invocations=22 (full 3):
 def new generation   total 39424K, used 26568K [0x04e00000, 0x078c0000, 0x0f8a0000)
  eden space 35072K,  63% used [0x04e00000, 0x063d2708, 0x07040000)
  from space 4352K,  97% used [0x07040000, 0x0745fa78, 0x07480000)
  to   space 4352K,   0% used [0x07480000, 0x07480000, 0x078c0000)
 tenured generation   total 87424K, used 86017K [0x0f8a0000, 0x14e00000, 0x24e00000)
   the space 87424K,  98% used [0x0f8a0000, 0x14ca06b8, 0x14ca0800, 0x14e00000)
 Metaspace       used 18775K, capacity 19186K, committed 19456K, reserved 19840K
Event: 7888.658 GC heap after
Heap after GC invocations=23 (full 4):
 def new generation   total 41472K, used 0K [0x04e00000, 0x07b00000, 0x0f8a0000)
  eden space 36864K,   0% used [0x04e00000, 0x04e00000, 0x07200000)
  from space 4608K,   0% used [0x07200000, 0x07200000, 0x07680000)
  to   space 4608K,   0% used [0x07680000, 0x07680000, 0x07b00000)
 tenured generation   total 92072K, used 55243K [0x0f8a0000, 0x1528a000, 0x24e00000)
   the space 92072K,  59% used [0x0f8a0000, 0x12e92c80, 0x12e92e00, 0x1528a000)
 Metaspace       used 18775K, capacity 19186K, committed 19456K, reserved 19840K
}
Event: 7899.051 GC heap before
{Heap before GC invocations=23 (full 4):
 def new generation   total 41472K, used 28676K [0x04e00000, 0x07b00000, 0x0f8a0000)
  eden space 36864K,  77% used [0x04e00000, 0x06a013e0, 0x07200000)
  from space 4608K,   0% used [0x07200000, 0x07200000, 0x07680000)
  to   space 4608K,   0% used [0x07680000, 0x07680000, 0x07b00000)
 tenured generation   total 92072K, used 55243K [0x0f8a0000, 0x1528a000, 0x24e00000)
   the space 92072K,  59% used [0x0f8a0000, 0x12e92c80, 0x12e92e00, 0x1528a000)
 Metaspace       used 18775K, capacity 19186K, committed 19456K, reserved 19840K
Event: 7899.116 GC heap after
Heap after GC invocations=24 (full 4):
 def new generation   total 41472K, used 3853K [0x04e00000, 0x07b00000, 0x0f8a0000)
  eden space 36864K,   0% used [0x04e00000, 0x04e00000, 0x07200000)
  from space 4608K,  83% used [0x07680000, 0x07a43520, 0x07b00000)
  to   space 4608K,   0% used [0x07200000, 0x07200000, 0x07680000)
 tenured generation   total 92072K, used 78680K [0x0f8a0000, 0x1528a000, 0x24e00000)
   the space 92072K,  85% used [0x0f8a0000, 0x14576290, 0x14576400, 0x1528a000)
 Metaspace       used 18775K, capacity 19186K, committed 19456K, reserved 19840K
}

